2023-04-02 21:32:52.702686 - Initialized conversion of CBT097
2023-04-02 21:32:53.350146 - Received CBT.V504.FILE097.PDS from FILE097.XMI 
2023-04-02 21:32:53.352408 - Found $$$#DATE.txt (text/plain) in CBT.V504.FILE097.PDS, moved to PDS/$$$#DATE
2023-04-02 21:32:53.353429 - Found @DOC.txt (text/plain) in CBT.V504.FILE097.PDS, moved to PDS/@DOC
2023-04-02 21:32:53.354916 - Found @FILE097.txt (text/plain) in CBT.V504.FILE097.PDS, moved to PDS/@FILE097
2023-04-02 21:32:53.355876 - Found CDMFD000.txt (text/plain) in CBT.V504.FILE097.PDS, moved to PDS/CDMFD000
2023-04-02 21:32:53.356814 - Found CDMFD010.txt (text/plain) in CBT.V504.FILE097.PDS, moved to PDS/CDMFD010
2023-04-02 21:32:53.357985 - Found CDMFD020.txt (text/plain) in CBT.V504.FILE097.PDS, moved to PDS/CDMFD020
2023-04-02 21:32:53.358908 - Found CDMFD030.txt (text/plain) in CBT.V504.FILE097.PDS, moved to PDS/CDMFD030
2023-04-02 21:32:53.359818 - Found CTLDM203.txt (text/plain) in CBT.V504.FILE097.PDS, moved to PDS/CTLDM203
2023-04-02 21:32:53.360977 - Found CTLDM206.txt (text/plain) in CBT.V504.FILE097.PDS, moved to PDS/CTLDM206
2023-04-02 21:32:53.361867 - Found CTLDM220.txt (text/plain) in CBT.V504.FILE097.PDS, moved to PDS/CTLDM220
2023-04-02 21:32:53.362746 - Found CTLDM230.txt (text/plain) in CBT.V504.FILE097.PDS, moved to PDS/CTLDM230
2023-04-02 21:32:53.363868 - Found CTLDM310.txt (text/plain) in CBT.V504.FILE097.PDS, moved to PDS/CTLDM310
2023-04-02 21:32:53.364819 - Found CTLDM315.txt (text/plain) in CBT.V504.FILE097.PDS, moved to PDS/CTLDM315
2023-04-02 21:32:53.365703 - Found CTLDM330.txt (text/plain) in CBT.V504.FILE097.PDS, moved to PDS/CTLDM330
2023-04-02 21:32:53.366666 - Found CTLDM350.txt (text/plain) in CBT.V504.FILE097.PDS, moved to PDS/CTLDM350
2023-04-02 21:32:53.367566 - Found CTLDM380.txt (text/plain) in CBT.V504.FILE097.PDS, moved to PDS/CTLDM380
2023-04-02 21:32:53.368486 - Found CTLMEAAM.txt (text/plain) in CBT.V504.FILE097.PDS, moved to PDS/CTLMEAAM
2023-04-02 21:32:53.369762 - Found CTLMEGRP.txt (text/plain) in CBT.V504.FILE097.PDS, moved to PDS/CTLMEGRP
2023-04-02 21:32:53.370711 - Found CTLTSOID.txt (text/plain) in CBT.V504.FILE097.PDS, moved to PDS/CTLTSOID
2023-04-02 21:32:53.371622 - Found DATCNVRT.txt (text/plain) in CBT.V504.FILE097.PDS, moved to PDS/DATCNVRT
2023-04-02 21:32:53.372823 - Found DM011SCR.txt (text/plain) in CBT.V504.FILE097.PDS, moved to PDS/DM011SCR
2023-04-02 21:32:53.373760 - Found DM100PUP.txt (text/plain) in CBT.V504.FILE097.PDS, moved to PDS/DM100PUP
2023-04-02 21:32:53.374706 - Found DM110PUP.txt (text/plain) in CBT.V504.FILE097.PDS, moved to PDS/DM110PUP
2023-04-02 21:32:53.375610 - Found DM120PUP.txt (text/plain) in CBT.V504.FILE097.PDS, moved to PDS/DM120PUP
2023-04-02 21:32:53.377121 - Found DM130PRP.txt (text/plain) in CBT.V504.FILE097.PDS, moved to PDS/DM130PRP
2023-04-02 21:32:53.378070 - Found DM140PUP.txt (text/plain) in CBT.V504.FILE097.PDS, moved to PDS/DM140PUP
2023-04-02 21:32:53.378977 - Found DM150PUP.txt (text/plain) in CBT.V504.FILE097.PDS, moved to PDS/DM150PUP
2023-04-02 21:32:53.380194 - Found DM160PRP.txt (text/plain) in CBT.V504.FILE097.PDS, moved to PDS/DM160PRP
2023-04-02 21:32:53.381115 - Found DM170PRP.txt (text/plain) in CBT.V504.FILE097.PDS, moved to PDS/DM170PRP
2023-04-02 21:32:53.382163 - Found DM190PUP.txt (text/plain) in CBT.V504.FILE097.PDS, moved to PDS/DM190PUP
2023-04-02 21:32:53.383108 - Found DM200PUP.txt (text/plain) in CBT.V504.FILE097.PDS, moved to PDS/DM200PUP
2023-04-02 21:32:53.384130 - Found DM210PRP.txt (text/plain) in CBT.V504.FILE097.PDS, moved to PDS/DM210PRP
2023-04-02 21:32:53.385116 - Found DM230PRP.txt (text/plain) in CBT.V504.FILE097.PDS, moved to PDS/DM230PRP
2023-04-02 21:32:53.386263 - Found DM298PUP.txt (text/plain) in CBT.V504.FILE097.PDS, moved to PDS/DM298PUP
2023-04-02 21:32:53.387164 - Found DM999DSU.txt (text/plain) in CBT.V504.FILE097.PDS, moved to PDS/DM999DSU
2023-04-02 21:32:53.388248 - Found DOCPROG.txt (text/plain) in CBT.V504.FILE097.PDS, moved to PDS/DOCPROG
2023-04-02 21:32:53.389187 - Found DOCUSER.txt (text/plain) in CBT.V504.FILE097.PDS, moved to PDS/DOCUSER
2023-04-02 21:32:53.390037 - Found GETCTRL.txt (text/plain) in CBT.V504.FILE097.PDS, moved to PDS/GETCTRL
2023-04-02 21:32:53.390926 - Found HSMMCDS.txt (text/plain) in CBT.V504.FILE097.PDS, moved to PDS/HSMMCDS
2023-04-02 21:32:53.391964 - Found HSMMWE.txt (text/plain) in CBT.V504.FILE097.PDS, moved to PDS/HSMMWE
2023-04-02 21:32:53.392952 - Found HSMXEQ.txt (text/plain) in CBT.V504.FILE097.PDS, moved to PDS/HSMXEQ
2023-04-02 21:32:53.394147 - Found JCLDM200.jcl (text/plain) in CBT.V504.FILE097.PDS, moved to PDS/JCLDM200
2023-04-02 21:32:53.395121 - Found JCLDM203.jcl (text/plain) in CBT.V504.FILE097.PDS, moved to PDS/JCLDM203
2023-04-02 21:32:53.396050 - Found JCLDM206.jcl (text/plain) in CBT.V504.FILE097.PDS, moved to PDS/JCLDM206
2023-04-02 21:32:53.396955 - Found JCLDM210.jcl (text/plain) in CBT.V504.FILE097.PDS, moved to PDS/JCLDM210
2023-04-02 21:32:53.397879 - Found JCLDM220.jcl (text/plain) in CBT.V504.FILE097.PDS, moved to PDS/JCLDM220
2023-04-02 21:32:53.398810 - Found JCLDM230.jcl (text/plain) in CBT.V504.FILE097.PDS, moved to PDS/JCLDM230
2023-04-02 21:32:53.400256 - Found JCLDM299.jcl (text/plain) in CBT.V504.FILE097.PDS, moved to PDS/JCLDM299
2023-04-02 21:32:53.401176 - Found JCLDM300.jcl (text/plain) in CBT.V504.FILE097.PDS, moved to PDS/JCLDM300
2023-04-02 21:32:53.402341 - Found JCLDM310.jcl (text/plain) in CBT.V504.FILE097.PDS, moved to PDS/JCLDM310
2023-04-02 21:32:53.403352 - Found JCLDM315.jcl (text/plain) in CBT.V504.FILE097.PDS, moved to PDS/JCLDM315
2023-04-02 21:32:53.404629 - Found JCLDM320.jcl (text/plain) in CBT.V504.FILE097.PDS, moved to PDS/JCLDM320
2023-04-02 21:32:53.405585 - Found JCLDM330.jcl (text/plain) in CBT.V504.FILE097.PDS, moved to PDS/JCLDM330
2023-04-02 21:32:53.406444 - Found JCLDM340.jcl (text/plain) in CBT.V504.FILE097.PDS, moved to PDS/JCLDM340
2023-04-02 21:32:53.407356 - Found JCLDM350.jcl (text/plain) in CBT.V504.FILE097.PDS, moved to PDS/JCLDM350
2023-04-02 21:32:53.408544 - Found JCLDM360.jcl (text/plain) in CBT.V504.FILE097.PDS, moved to PDS/JCLDM360
2023-04-02 21:32:53.409510 - Found JCLDM370.jcl (text/plain) in CBT.V504.FILE097.PDS, moved to PDS/JCLDM370
2023-04-02 21:32:53.410394 - Found JCLDM380.jcl (text/plain) in CBT.V504.FILE097.PDS, moved to PDS/JCLDM380
2023-04-02 21:32:53.411343 - Found JCLDM390.jcl (text/plain) in CBT.V504.FILE097.PDS, moved to PDS/JCLDM390
2023-04-02 21:32:53.412226 - Found JGDATE.txt (text/plain) in CBT.V504.FILE097.PDS, moved to PDS/JGDATE
2023-04-02 21:32:53.413087 - Found PDSLIST.jcl (text/plain) in CBT.V504.FILE097.PDS, moved to PDS/PDSLIST
2023-04-02 21:32:53.413923 - Found PRCDM200.txt (text/plain) in CBT.V504.FILE097.PDS, moved to PDS/PRCDM200
2023-04-02 21:32:53.414831 - Found PRCDM203.txt (text/plain) in CBT.V504.FILE097.PDS, moved to PDS/PRCDM203
2023-04-02 21:32:53.415739 - Found PRCDM206.txt (text/plain) in CBT.V504.FILE097.PDS, moved to PDS/PRCDM206
2023-04-02 21:32:53.416674 - Found PRCDM210.txt (text/plain) in CBT.V504.FILE097.PDS, moved to PDS/PRCDM210
2023-04-02 21:32:53.417557 - Found PRCDM220.txt (text/plain) in CBT.V504.FILE097.PDS, moved to PDS/PRCDM220
2023-04-02 21:32:53.418456 - Found PRCDM230.txt (text/plain) in CBT.V504.FILE097.PDS, moved to PDS/PRCDM230
2023-04-02 21:32:53.419392 - Found PRCDM299.txt (text/plain) in CBT.V504.FILE097.PDS, moved to PDS/PRCDM299
2023-04-02 21:32:53.420307 - Found PRCDM300.txt (text/plain) in CBT.V504.FILE097.PDS, moved to PDS/PRCDM300
2023-04-02 21:32:53.421209 - Found PRCDM310.txt (text/plain) in CBT.V504.FILE097.PDS, moved to PDS/PRCDM310
2023-04-02 21:32:53.422110 - Found PRCDM315.txt (text/plain) in CBT.V504.FILE097.PDS, moved to PDS/PRCDM315
2023-04-02 21:32:53.423033 - Found PRCDM320.txt (text/plain) in CBT.V504.FILE097.PDS, moved to PDS/PRCDM320
2023-04-02 21:32:53.423915 - Found PRCDM330.txt (text/plain) in CBT.V504.FILE097.PDS, moved to PDS/PRCDM330
2023-04-02 21:32:53.424810 - Found PRCDM340.txt (text/plain) in CBT.V504.FILE097.PDS, moved to PDS/PRCDM340
2023-04-02 21:32:53.425643 - Found PRCDM350.txt (text/plain) in CBT.V504.FILE097.PDS, moved to PDS/PRCDM350
2023-04-02 21:32:53.426483 - Found PRCDM360.txt (text/plain) in CBT.V504.FILE097.PDS, moved to PDS/PRCDM360
2023-04-02 21:32:53.427430 - Found PRCDM370.txt (text/plain) in CBT.V504.FILE097.PDS, moved to PDS/PRCDM370
2023-04-02 21:32:53.428361 - Found PRCDM380.txt (text/plain) in CBT.V504.FILE097.PDS, moved to PDS/PRCDM380
2023-04-02 21:32:53.429242 - Found PRCDM390.txt (text/plain) in CBT.V504.FILE097.PDS, moved to PDS/PRCDM390
2023-04-02 21:32:53.430135 - Found USERDUMP.txt (text/plain) in CBT.V504.FILE097.PDS, moved to PDS/USERDUMP
2023-04-02 21:32:53.431081 - Found VVDSLIS$.jcl (text/plain) in CBT.V504.FILE097.PDS, moved to PDS/VVDSLIS$
2023-04-02 21:32:53.432108 - Found VVDSLIST.txt (text/plain) in CBT.V504.FILE097.PDS, moved to PDS/VVDSLIST
2023-04-02 21:32:53.433075 - Found VVDSLIS1.txt (text/plain) in CBT.V504.FILE097.PDS, moved to PDS/VVDSLIS1
2023-04-02 21:32:53.433976 - Found VVDSTES1.jcl (text/plain) in CBT.V504.FILE097.PDS, moved to PDS/VVDSTES1
2023-04-02 21:32:53.434864 - Found VVDSTES2.jcl (text/plain) in CBT.V504.FILE097.PDS, moved to PDS/VVDSTES2
